Thu Oct 24 11:48:24 AM EDT 2024: Initial state - Enabled eDP-1
Thu Oct 24 11:53:16 AM EDT 2024: Initial state - Enabled eDP-1
Thu Oct 24 11:56:59 AM EDT 2024: Initial state - Enabled eDP-1
Thu Oct 24 12:05:13 PM EDT 2024: Initial state - Enabled eDP-1
Thu Oct 24 12:06:50 PM EDT 2024: Initial state - Enabled eDP-1
Thu Oct 24 12:06:50 PM EDT 2024: Disabled eDP-1
Thu Oct 24 12:06:59 PM EDT 2024: Enabled eDP-1
Thu Oct 24 12:07:04 PM EDT 2024: Disabled eDP-1
Thu Oct 24 12:07:11 PM EDT 2024: Initial state - Enabled eDP-1
Thu Oct 24 12:07:12 PM EDT 2024: Disabled eDP-1
Thu Oct 24 12:18:17 PM EDT 2024: Enabled eDP-1
Thu Oct 24 12:19:22 PM EDT 2024: Initial state - Enabled eDP-1
Thu Oct 24 12:19:23 PM EDT 2024: Disabled eDP-1
Thu Oct 24 12:19:23 PM EDT 2024: Disabled eDP-1
Thu Oct 24 01:49:42 PM EDT 2024: Initial state - Enabled eDP-1
Thu Oct 24 01:49:42 PM EDT 2024: Disabled eDP-1
Thu Oct 24 02:03:27 PM EDT 2024: Initial state - Enabled eDP-1
Thu Oct 24 02:03:27 PM EDT 2024: Disabled eDP-1
Thu Oct 24 09:46:56 PM EDT 2024: Initial state - Enabled eDP-1
Thu Oct 24 09:46:57 PM EDT 2024: Disabled eDP-1
Thu Oct 24 09:46:59 PM EDT 2024: Initial state - Enabled eDP-1
Thu Oct 24 09:47:00 PM EDT 2024: Disabled eDP-1
Thu Oct 24 09:47:53 PM EDT 2024: Initial state - Enabled eDP-1
Thu Oct 24 09:47:54 PM EDT 2024: Initial state - Enabled eDP-1
Thu Oct 24 09:47:54 PM EDT 2024: Disabled eDP-1
Thu Oct 24 09:47:54 PM EDT 2024: Disabled eDP-1
Thu Oct 24 09:50:36 PM EDT 2024: Initial state - Enabled eDP-1
Thu Oct 24 09:50:36 PM EDT 2024: Disabled eDP-1
Thu Oct 24 09:53:02 PM EDT 2024: Initial state - Enabled eDP-1
Thu Oct 24 09:53:03 PM EDT 2024: Disabled eDP-1
Thu Oct 24 10:55:14 PM EDT 2024: Initial state - Enabled eDP-1
Thu Oct 24 10:55:15 PM EDT 2024: Disabled eDP-1
Thu Oct 24 10:55:33 PM EDT 2024: Initial state - Enabled eDP-1
Thu Oct 24 10:55:34 PM EDT 2024: Disabled eDP-1
Fri Oct 25 10:53:41 AM EDT 2024: Initial state - Enabled eDP-1
Fri Oct 25 10:53:41 AM EDT 2024: Disabled eDP-1
Fri Oct 25 07:47:14 PM EDT 2024: Enabled eDP-1
Sun Oct 27 10:45:55 AM EDT 2024: Initial state - Enabled eDP-1
Sun Oct 27 10:46:11 AM EDT 2024: Initial state - Enabled eDP-1
Sun Oct 27 11:53:55 AM EDT 2024: Initial state - Enabled eDP-1
Sun Oct 27 11:58:30 AM EDT 2024: Initial state - Enabled eDP-1
Mon Oct 28 02:45:39 PM EDT 2024: Initial state - Enabled eDP-1
Mon Oct 28 03:00:45 PM EDT 2024: Initial state - Enabled eDP-1
Mon Oct 28 09:06:45 PM EDT 2024: Disabled eDP-1
Mon Oct 28 11:53:10 PM EDT 2024: Initial state - Enabled eDP-1
Mon Oct 28 11:53:15 PM EDT 2024: Disabled eDP-1
Tue Oct 29 01:40:29 PM EDT 2024: Initial state - Enabled eDP-1
Tue Oct 29 01:40:29 PM EDT 2024: Disabled eDP-1
Tue Oct 29 01:40:38 PM EDT 2024: Enabled eDP-1
Tue Oct 29 01:40:39 PM EDT 2024: Disabled eDP-1
Tue Oct 29 05:54:29 PM EDT 2024: Initial state - Enabled eDP-1
Tue Oct 29 05:54:29 PM EDT 2024: Disabled eDP-1
Tue Oct 29 09:08:40 PM EDT 2024: Enabled eDP-1
Tue Oct 29 09:39:09 PM EDT 2024: Initial state - Enabled eDP-1
Tue Oct 29 09:39:09 PM EDT 2024: Disabled eDP-1
Wed Oct 30 08:42:34 AM EDT 2024: Initial state - Enabled eDP-1
Wed Oct 30 08:42:34 AM EDT 2024: Disabled eDP-1
Wed Oct 30 09:48:34 AM EDT 2024: Initial state - Enabled eDP-1
Wed Oct 30 09:48:42 AM EDT 2024: Disabled eDP-1
Wed Oct 30 11:23:42 AM EDT 2024: Enabled eDP-1
Wed Oct 30 11:28:55 AM EDT 2024: Disabled eDP-1
Wed Oct 30 11:34:18 AM EDT 2024: Enabled eDP-1
Wed Oct 30 01:29:37 PM EDT 2024: Initial state - Enabled eDP-1
Wed Oct 30 01:51:09 PM EDT 2024: Initial state - Enabled eDP-1
Wed Oct 30 08:20:30 PM EDT 2024: Initial state - Enabled eDP-1
Wed Oct 30 08:20:30 PM EDT 2024: Disabled eDP-1
Thu Oct 31 08:23:55 PM EDT 2024: Initial state - Enabled eDP-1
Thu Oct 31 08:29:19 PM EDT 2024: Disabled eDP-1
Fri Nov  1 12:13:43 PM EDT 2024: Initial state - Enabled eDP-1
Fri Nov  1 12:13:48 PM EDT 2024: Disabled eDP-1
Sat Nov  2 11:47:56 AM EDT 2024: Initial state - Enabled eDP-1
Sun Nov  3 05:23:42 PM EST 2024: Initial state - Enabled eDP-1
Sun Nov  3 05:24:03 PM EST 2024: Initial state - Enabled eDP-1
Mon Nov  4 02:18:49 PM EST 2024: Disabled eDP-1
Mon Nov  4 02:18:49 PM EST 2024: Disabled eDP-1
Mon Nov  4 02:18:49 PM EST 2024: Disabled eDP-1
Mon Nov  4 03:27:12 PM EST 2024: Initial state - Enabled eDP-1
Mon Nov  4 03:27:18 PM EST 2024: Disabled eDP-1
Mon Nov  4 05:48:35 PM EST 2024: Enabled eDP-1
Mon Nov  4 05:49:41 PM EST 2024: Initial state - Enabled eDP-1
Mon Nov  4 05:49:41 PM EST 2024: Disabled eDP-1
Mon Nov  4 05:49:41 PM EST 2024: Disabled eDP-1
Mon Nov  4 05:55:42 PM EST 2024: Enabled eDP-1
Mon Nov  4 05:55:42 PM EST 2024: Enabled eDP-1
Mon Nov  4 05:55:47 PM EST 2024: Disabled eDP-1
Mon Nov  4 05:55:47 PM EST 2024: Disabled eDP-1
Mon Nov  4 05:57:11 PM EST 2024: Enabled eDP-1
Mon Nov  4 05:57:11 PM EST 2024: Enabled eDP-1
Mon Nov  4 05:57:19 PM EST 2024: Disabled eDP-1
Mon Nov  4 05:57:19 PM EST 2024: Disabled eDP-1
Mon Nov  4 11:09:46 PM EST 2024: Enabled eDP-1
Mon Nov  4 11:09:46 PM EST 2024: Enabled eDP-1
Mon Nov  4 11:10:06 PM EST 2024: Disabled eDP-1
Mon Nov  4 11:10:07 PM EST 2024: Disabled eDP-1
Mon Nov  4 11:17:36 PM EST 2024: Enabled eDP-1
Mon Nov  4 11:17:36 PM EST 2024: Enabled eDP-1
Tue Nov  5 10:54:03 AM EST 2024: Initial state - Enabled eDP-1
Tue Nov  5 10:54:03 AM EST 2024: Disabled eDP-1
Tue Nov  5 06:47:30 PM EST 2024: Enabled eDP-1
Tue Nov  5 06:47:32 PM EST 2024: Disabled eDP-1
